2025-04-09 17:56:28,493 - snap7.client - INFO - creating snap7 client
2025-04-09 17:56:28,494 - snap7.client - INFO - connecting to 192.168.0.11:102 rack 0 slot 1
2025-04-09 17:56:28,499 - snap7.common - ERROR - b' TCP : Network is unreachable'
2025-04-09 17:56:28,499 - root - ERROR - Error connecting to PLC: b' TCP : Network is unreachable'
2025-04-09 17:56:28,501 - snap7.common - ERROR - b' ISO : An error occurred during send TCP : Other Socket error (32)'
2025-04-09 17:56:28,501 - root - ERROR - Error reading output from PLC: b' ISO : An error occurred during send TCP : Other Socket error (32)'
2025-04-09 17:56:28,501 - snap7.common - ERROR - b' ISO : An error occurred during send TCP : Other Socket error (32)'
2025-04-09 17:56:28,501 - root - ERROR - Error reading output from PLC: b' ISO : An error occurred during send TCP : Other Socket error (32)'
2025-04-09 17:56:29,502 - snap7.common - ERROR - b' ISO : An error occurred during send TCP : Other Socket error (32)'
2025-04-09 17:56:29,502 - root - ERROR - Error reading output from PLC: b' ISO : An error occurred during send TCP : Other Socket error (32)'
2025-04-09 17:56:29,503 - snap7.common - ERROR - b' ISO : An error occurred during send TCP : Other Socket error (32)'
2025-04-09 17:56:29,503 - root - ERROR - Error reading output from PLC: b' ISO : An error occurred during send TCP : Other Socket error (32)'
2025-04-09 17:56:30,506 - snap7.common - ERROR - b' ISO : An error occurred during send TCP : Other Socket error (32)'
2025-04-09 17:56:30,507 - root - ERROR - Error reading output from PLC: b' ISO : An error occurred during send TCP : Other Socket error (32)'
2025-04-09 17:56:30,507 - snap7.common - ERROR - b' ISO : An error occurred during send TCP : Other Socket error (32)'
2025-04-09 17:56:30,507 - root - ERROR - Error reading output from PLC: b' ISO : An error occurred during send TCP : Other Socket error (32)'
2025-04-09 17:56:31,508 - snap7.common - ERROR - b' ISO : An error occurred during send TCP : Other Socket error (32)'
2025-04-09 17:56:31,508 - root - ERROR - Error reading output from PLC: b' ISO : An error occurred during send TCP : Other Socket error (32)'
2025-04-09 17:56:31,508 - snap7.common - ERROR - b' ISO : An error occurred during send TCP : Other Socket error (32)'
2025-04-09 17:56:31,508 - root - ERROR - Error reading output from PLC: b' ISO : An error occurred during send TCP : Other Socket error (32)'
2025-04-09 17:56:32,509 - snap7.common - ERROR - b' ISO : An error occurred during send TCP : Other Socket error (32)'
2025-04-09 17:56:32,509 - root - ERROR - Error reading output from PLC: b' ISO : An error occurred during send TCP : Other Socket error (32)'
2025-04-09 17:56:32,509 - snap7.common - ERROR - b' ISO : An error occurred during send TCP : Other Socket error (32)'
2025-04-09 17:56:32,509 - root - ERROR - Error reading output from PLC: b' ISO : An error occurred during send TCP : Other Socket error (32)'
2025-04-09 17:56:33,510 - snap7.common - ERROR - b' ISO : An error occurred during send TCP : Other Socket error (32)'
2025-04-09 17:56:33,510 - root - ERROR - Error reading output from PLC: b' ISO : An error occurred during send TCP : Other Socket error (32)'
2025-04-09 17:56:33,510 - snap7.common - ERROR - b' ISO : An error occurred during send TCP : Other Socket error (32)'
2025-04-09 17:56:33,510 - root - ERROR - Error reading output from PLC: b' ISO : An error occurred during send TCP : Other Socket error (32)'
2025-04-09 17:56:33,634 - snap7.client - INFO - disconnecting snap7 client
2025-04-09 17:56:33,634 - root - INFO - Disconnected from PLC
2025-04-09 17:56:33,634 - snap7.client - INFO - destroying snap7 client
